[24-Dec-2017 09:45:25 UTC] PHP Fatal error:  Uncaught Error: Class 'Waitmoonman\Database\DB' not found in F:\phpStudy\WWW\DB\index.php:6
Stack trace:
#0 {main}
  thrown in F:\phpStudy\WWW\DB\index.php on line 6
[24-Dec-2017 09:45:42 UTC] PHP Notice:  Undefined variable: host in F:\phpStudy\WWW\DB\src\Foundation\Connection.php on line 25
[24-Dec-2017 09:45:42 UTC] PHP Stack trace:
[24-Dec-2017 09:45:42 UTC] PHP   1. {main}() F:\phpStudy\WWW\DB\index.php:0
[24-Dec-2017 09:45:42 UTC] PHP   2. Waitmoonman\Database\DB::addConnection() F:\phpStudy\WWW\DB\index.php:7
[24-Dec-2017 09:45:42 UTC] PHP   3. Waitmoonman\Database\Foundation\Connection->connect() F:\phpStudy\WWW\DB\src\DB.php:20
[24-Dec-2017 09:45:42 UTC] PHP   4. Waitmoonman\Database\Foundation\Connection->getDsn() F:\phpStudy\WWW\DB\src\Foundation\Connection.php:14
[24-Dec-2017 09:45:42 UTC] PHP Notice:  Undefined variable: database in F:\phpStudy\WWW\DB\src\Foundation\Connection.php on line 25
[24-Dec-2017 09:45:42 UTC] PHP Stack trace:
[24-Dec-2017 09:45:42 UTC] PHP   1. {main}() F:\phpStudy\WWW\DB\index.php:0
[24-Dec-2017 09:45:42 UTC] PHP   2. Waitmoonman\Database\DB::addConnection() F:\phpStudy\WWW\DB\index.php:7
[24-Dec-2017 09:45:42 UTC] PHP   3. Waitmoonman\Database\Foundation\Connection->connect() F:\phpStudy\WWW\DB\src\DB.php:20
[24-Dec-2017 09:45:42 UTC] PHP   4. Waitmoonman\Database\Foundation\Connection->getDsn() F:\phpStudy\WWW\DB\src\Foundation\Connection.php:14
[24-Dec-2017 09:45:42 UTC] PHP Notice:  Undefined index: username in F:\phpStudy\WWW\DB\src\Foundation\Connection.php on line 31
[24-Dec-2017 09:45:42 UTC] PHP Stack trace:
[24-Dec-2017 09:45:42 UTC] PHP   1. {main}() F:\phpStudy\WWW\DB\index.php:0
[24-Dec-2017 09:45:42 UTC] PHP   2. Waitmoonman\Database\DB::addConnection() F:\phpStudy\WWW\DB\index.php:7
[24-Dec-2017 09:45:42 UTC] PHP   3. Waitmoonman\Database\Foundation\Connection->connect() F:\phpStudy\WWW\DB\src\DB.php:20
[24-Dec-2017 09:45:42 UTC] PHP   4. Waitmoonman\Database\Foundation\Connection->createPdo() F:\phpStudy\WWW\DB\src\Foundation\Connection.php:16
[24-Dec-2017 09:45:42 UTC] PHP Notice:  Undefined index: password in F:\phpStudy\WWW\DB\src\Foundation\Connection.php on line 31
[24-Dec-2017 09:45:42 UTC] PHP Stack trace:
[24-Dec-2017 09:45:42 UTC] PHP   1. {main}() F:\phpStudy\WWW\DB\index.php:0
[24-Dec-2017 09:45:42 UTC] PHP   2. Waitmoonman\Database\DB::addConnection() F:\phpStudy\WWW\DB\index.php:7
[24-Dec-2017 09:45:42 UTC] PHP   3. Waitmoonman\Database\Foundation\Connection->connect() F:\phpStudy\WWW\DB\src\DB.php:20
[24-Dec-2017 09:45:42 UTC] PHP   4. Waitmoonman\Database\Foundation\Connection->createPdo() F:\phpStudy\WWW\DB\src\Foundation\Connection.php:16
[24-Dec-2017 09:45:43 UTC] PHP Fatal error:  Uncaught Waitmoonman\Database\Exceptions\QueryException: SQLSTATE[HY000] [1045] Access denied for user ''@'localhost' (using password: NO) in F:\phpStudy\WWW\DB\src\Foundation\Connection.php:37
Stack trace:
#0 F:\phpStudy\WWW\DB\src\Foundation\Connection.php(16): Waitmoonman\Database\Foundation\Connection->createPdo('mysql:host=;dbn...', Array)
#1 F:\phpStudy\WWW\DB\src\DB.php(20): Waitmoonman\Database\Foundation\Connection->connect(Array)
#2 F:\phpStudy\WWW\DB\index.php(7): Waitmoonman\Database\DB::addConnection(Array)
#3 {main}
  thrown in F:\phpStudy\WWW\DB\src\Foundation\Connection.php on line 37
[24-Dec-2017 09:45:54 UTC] PHP Fatal error:  Uncaught Waitmoonman\Database\Exceptions\QueryException: SQLSTATE[HY000] [1045] Access denied for user 'forge'@'localhost' (using password: NO) in F:\phpStudy\WWW\DB\src\Foundation\Connection.php:37
Stack trace:
#0 F:\phpStudy\WWW\DB\src\Foundation\Connection.php(16): Waitmoonman\Database\Foundation\Connection->createPdo('mysql:host=127....', Array)
#1 F:\phpStudy\WWW\DB\src\DB.php(20): Waitmoonman\Database\Foundation\Connection->connect(Array)
#2 F:\phpStudy\WWW\DB\index.php(7): Waitmoonman\Database\DB::addConnection(Array)
#3 {main}
  thrown in F:\phpStudy\WWW\DB\src\Foundation\Connection.php on line 37
[24-Dec-2017 09:46:04 UTC] PHP Notice:  Accessing static property Waitmoonman\Database\DB::$dbh as non static in F:\phpStudy\WWW\DB\src\DB.php on line 20
[24-Dec-2017 09:46:04 UTC] PHP Stack trace:
[24-Dec-2017 09:46:04 UTC] PHP   1. {main}() F:\phpStudy\WWW\DB\index.php:0
[24-Dec-2017 09:46:04 UTC] PHP   2. Waitmoonman\Database\DB::addConnection() F:\phpStudy\WWW\DB\index.php:7
[24-Dec-2017 09:46:04 UTC] PHP Fatal error:  Uncaught Waitmoonman\Database\Exceptions\QueryException: è¯·å…ˆé…ç½®æ•°æ®åº“è¿žæŽ¥ in F:\phpStudy\WWW\DB\src\DB.php:47
Stack trace:
#0 F:\phpStudy\WWW\DB\src\DB.php(25): Waitmoonman\Database\DB::checkConnect()
#1 F:\phpStudy\WWW\DB\index.php(10): Waitmoonman\Database\DB::table('users')
#2 {main}
  thrown in F:\phpStudy\WWW\DB\src\DB.php on line 47
[24-Dec-2017 09:46:25 UTC] PHP Fatal error:  Uncaught Error: Access to undeclared static property: Waitmoonman\Database\DB::$dbh in F:\phpStudy\WWW\DB\src\DB.php:46
Stack trace:
#0 F:\phpStudy\WWW\DB\src\DB.php(25): Waitmoonman\Database\DB::checkConnect()
#1 F:\phpStudy\WWW\DB\index.php(10): Waitmoonman\Database\DB::table('users')
#2 {main}
  thrown in F:\phpStudy\WWW\DB\src\DB.php on line 46
[24-Dec-2017 09:52:30 UTC] PHP Fatal error:  Uncaught Error: Access to undeclared static property: Waitmoonman\Database\DB::$dbh in F:\phpStudy\WWW\DB\src\DB.php:46
Stack trace:
#0 F:\phpStudy\WWW\DB\src\DB.php(25): Waitmoonman\Database\DB::checkConnect()
#1 F:\phpStudy\WWW\DB\index.php(10): Waitmoonman\Database\DB::table('users')
#2 {main}
  thrown in F:\phpStudy\WWW\DB\src\DB.php on line 46
[24-Dec-2017 09:52:31 UTC] PHP Fatal error:  Uncaught Error: Access to undeclared static property: Waitmoonman\Database\DB::$dbh in F:\phpStudy\WWW\DB\src\DB.php:46
Stack trace:
#0 F:\phpStudy\WWW\DB\src\DB.php(25): Waitmoonman\Database\DB::checkConnect()
#1 F:\phpStudy\WWW\DB\index.php(10): Waitmoonman\Database\DB::table('users')
#2 {main}
  thrown in F:\phpStudy\WWW\DB\src\DB.php on line 46
[24-Dec-2017 09:53:33 UTC] PHP Fatal error:  Uncaught Error: Access to undeclared static property: Waitmoonman\Database\DB::$dbh in F:\phpStudy\WWW\DB\src\DB.php:47
Stack trace:
#0 F:\phpStudy\WWW\DB\src\DB.php(25): Waitmoonman\Database\DB::checkConnect()
#1 F:\phpStudy\WWW\DB\index.php(10): Waitmoonman\Database\DB::table('users')
#2 {main}
  thrown in F:\phpStudy\WWW\DB\src\DB.php on line 47
[24-Dec-2017 09:53:34 UTC] PHP Fatal error:  Uncaught Error: Access to undeclared static property: Waitmoonman\Database\DB::$dbh in F:\phpStudy\WWW\DB\src\DB.php:47
Stack trace:
#0 F:\phpStudy\WWW\DB\src\DB.php(25): Waitmoonman\Database\DB::checkConnect()
#1 F:\phpStudy\WWW\DB\index.php(10): Waitmoonman\Database\DB::table('users')
#2 {main}
  thrown in F:\phpStudy\WWW\DB\src\DB.php on line 47
[24-Dec-2017 09:54:45 UTC] PHP Fatal error:  Uncaught Error: Access to undeclared static property: Waitmoonman\Database\DB::$dbh in F:\phpStudy\WWW\DB\src\DB.php:47
Stack trace:
#0 F:\phpStudy\WWW\DB\src\DB.php(25): Waitmoonman\Database\DB::checkConnect()
#1 F:\phpStudy\WWW\DB\index.php(10): Waitmoonman\Database\DB::table('users')
#2 {main}
  thrown in F:\phpStudy\WWW\DB\src\DB.php on line 47
[24-Dec-2017 09:55:23 UTC] PHP Fatal error:  Uncaught Error: Call to undefined method Waitmoonman\Database\DB::get() in F:\phpStudy\WWW\DB\src\DB.php:28
Stack trace:
#0 F:\phpStudy\WWW\DB\index.php(10): Waitmoonman\Database\DB::table('users')
#1 {main}
  thrown in F:\phpStudy\WWW\DB\src\DB.php on line 28
[24-Dec-2017 10:00:28 UTC] PHP Fatal error:  Uncaught Waitmoonman\Database\Exceptions\QueryException: è¯·å…ˆé…ç½®æ•°æ®åº“è¿žæŽ¥ in F:\phpStudy\WWW\DB\src\DB.php:37
Stack trace:
#0 F:\phpStudy\WWW\DB\src\DB.php(25): Waitmoonman\Database\DB::checkConnect()
#1 F:\phpStudy\WWW\DB\index.php(10): Waitmoonman\Database\DB::table('users')
#2 {main}
  thrown in F:\phpStudy\WWW\DB\src\DB.php on line 37
[24-Dec-2017 12:45:31 UTC] PHP Notice:  Array to string conversion in F:\phpStudy\WWW\DB\src\Foundation\Grammar.php on line 42
[24-Dec-2017 12:45:31 UTC] PHP Stack trace:
[24-Dec-2017 12:45:31 UTC] PHP   1. {main}() F:\phpStudy\WWW\DB\index.php:0
[24-Dec-2017 12:45:31 UTC] PHP   2. Waitmoonman\Database\Query\Builder->delete() F:\phpStudy\WWW\DB\index.php:10
[24-Dec-2017 12:45:31 UTC] PHP   3. Waitmoonman\Database\Query\Builder->__call() F:\phpStudy\WWW\DB\index.php:10
[24-Dec-2017 12:45:31 UTC] PHP   4. Waitmoonman\Database\Foundation\Delete->build() F:\phpStudy\WWW\DB\src\Query\Builder.php:104
[24-Dec-2017 12:45:31 UTC] PHP   5. Waitmoonman\Database\Foundation\Delete->toSql() F:\phpStudy\WWW\DB\src\Foundation\Grammar.php:27
[24-Dec-2017 12:45:31 UTC] PHP   6. Waitmoonman\Database\Foundation\Delete->compileColumns() F:\phpStudy\WWW\DB\src\Foundation\Grammar.php:20
[24-Dec-2017 12:45:51 UTC] PHP Notice:  Array to string conversion in F:\phpStudy\WWW\DB\src\Foundation\Grammar.php on line 43
[24-Dec-2017 12:45:51 UTC] PHP Stack trace:
[24-Dec-2017 12:45:51 UTC] PHP   1. {main}() F:\phpStudy\WWW\DB\index.php:0
[24-Dec-2017 12:45:51 UTC] PHP   2. Waitmoonman\Database\Query\Builder->delete() F:\phpStudy\WWW\DB\index.php:10
[24-Dec-2017 12:45:51 UTC] PHP   3. Waitmoonman\Database\Query\Builder->__call() F:\phpStudy\WWW\DB\index.php:10
[24-Dec-2017 12:45:51 UTC] PHP   4. Waitmoonman\Database\Foundation\Delete->build() F:\phpStudy\WWW\DB\src\Query\Builder.php:104
[24-Dec-2017 12:45:51 UTC] PHP   5. Waitmoonman\Database\Foundation\Delete->toSql() F:\phpStudy\WWW\DB\src\Foundation\Grammar.php:27
[24-Dec-2017 12:45:51 UTC] PHP   6. Waitmoonman\Database\Foundation\Delete->compileColumns() F:\phpStudy\WWW\DB\src\Foundation\Grammar.php:20
[24-Dec-2017 12:46:04 UTC] PHP Notice:  Array to string conversion in F:\phpStudy\WWW\DB\src\Foundation\Grammar.php on line 43
[24-Dec-2017 12:46:04 UTC] PHP Stack trace:
[24-Dec-2017 12:46:04 UTC] PHP   1. {main}() F:\phpStudy\WWW\DB\index.php:0
[24-Dec-2017 12:46:04 UTC] PHP   2. Waitmoonman\Database\Query\Builder->delete() F:\phpStudy\WWW\DB\index.php:10
[24-Dec-2017 12:46:04 UTC] PHP   3. Waitmoonman\Database\Query\Builder->__call() F:\phpStudy\WWW\DB\index.php:10
[24-Dec-2017 12:46:04 UTC] PHP   4. Waitmoonman\Database\Foundation\Delete->build() F:\phpStudy\WWW\DB\src\Query\Builder.php:104
[24-Dec-2017 12:46:04 UTC] PHP   5. Waitmoonman\Database\Foundation\Delete->toSql() F:\phpStudy\WWW\DB\src\Foundation\Grammar.php:27
[24-Dec-2017 12:46:04 UTC] PHP   6. Waitmoonman\Database\Foundation\Delete->compileColumns() F:\phpStudy\WWW\DB\src\Foundation\Grammar.php:20
[24-Dec-2017 12:46:29 UTC] PHP Notice:  Array to string conversion in F:\phpStudy\WWW\DB\src\Foundation\Grammar.php on line 43
[24-Dec-2017 12:46:29 UTC] PHP Stack trace:
[24-Dec-2017 12:46:29 UTC] PHP   1. {main}() F:\phpStudy\WWW\DB\index.php:0
[24-Dec-2017 12:46:29 UTC] PHP   2. Waitmoonman\Database\Query\Builder->delete() F:\phpStudy\WWW\DB\index.php:10
[24-Dec-2017 12:46:29 UTC] PHP   3. Waitmoonman\Database\Query\Builder->__call() F:\phpStudy\WWW\DB\index.php:10
[24-Dec-2017 12:46:29 UTC] PHP   4. Waitmoonman\Database\Foundation\Delete->build() F:\phpStudy\WWW\DB\src\Query\Builder.php:104
[24-Dec-2017 12:46:29 UTC] PHP   5. Waitmoonman\Database\Foundation\Delete->toSql() F:\phpStudy\WWW\DB\src\Foundation\Grammar.php:27
[24-Dec-2017 12:46:29 UTC] PHP   6. Waitmoonman\Database\Foundation\Delete->compileColumns() F:\phpStudy\WWW\DB\src\Foundation\Grammar.php:20
[24-Dec-2017 12:46:30 UTC] PHP Notice:  Array to string conversion in F:\phpStudy\WWW\DB\src\Foundation\Grammar.php on line 44
[24-Dec-2017 12:46:30 UTC] PHP Stack trace:
[24-Dec-2017 12:46:30 UTC] PHP   1. {main}() F:\phpStudy\WWW\DB\index.php:0
[24-Dec-2017 12:46:30 UTC] PHP   2. Waitmoonman\Database\Query\Builder->delete() F:\phpStudy\WWW\DB\index.php:10
[24-Dec-2017 12:46:30 UTC] PHP   3. Waitmoonman\Database\Query\Builder->__call() F:\phpStudy\WWW\DB\index.php:10
[24-Dec-2017 12:46:30 UTC] PHP   4. Waitmoonman\Database\Foundation\Delete->build() F:\phpStudy\WWW\DB\src\Query\Builder.php:104
[24-Dec-2017 12:46:30 UTC] PHP   5. Waitmoonman\Database\Foundation\Delete->toSql() F:\phpStudy\WWW\DB\src\Foundation\Grammar.php:27
[24-Dec-2017 12:46:30 UTC] PHP   6. Waitmoonman\Database\Foundation\Delete->compileColumns() F:\phpStudy\WWW\DB\src\Foundation\Grammar.php:20
[24-Dec-2017 12:46:32 UTC] PHP Notice:  Array to string conversion in F:\phpStudy\WWW\DB\src\Foundation\Grammar.php on line 44
[24-Dec-2017 12:46:32 UTC] PHP Stack trace:
[24-Dec-2017 12:46:32 UTC] PHP   1. {main}() F:\phpStudy\WWW\DB\index.php:0
[24-Dec-2017 12:46:32 UTC] PHP   2. Waitmoonman\Database\Query\Builder->delete() F:\phpStudy\WWW\DB\index.php:10
[24-Dec-2017 12:46:32 UTC] PHP   3. Waitmoonman\Database\Query\Builder->__call() F:\phpStudy\WWW\DB\index.php:10
[24-Dec-2017 12:46:32 UTC] PHP   4. Waitmoonman\Database\Foundation\Delete->build() F:\phpStudy\WWW\DB\src\Query\Builder.php:104
[24-Dec-2017 12:46:32 UTC] PHP   5. Waitmoonman\Database\Foundation\Delete->toSql() F:\phpStudy\WWW\DB\src\Foundation\Grammar.php:27
[24-Dec-2017 12:46:32 UTC] PHP   6. Waitmoonman\Database\Foundation\Delete->compileColumns() F:\phpStudy\WWW\DB\src\Foundation\Grammar.php:20
[24-Dec-2017 14:14:55 UTC] PHP Fatal error:  Uncaught Waitmoonman\Database\Exceptions\QueryException: SQLSTATE[HY000] [2002] ÓÉÓÚÄ¿±ê¼ÆËã»ú»ý¼«¾Ü¾ø£¬ÎÞ·¨Á¬½Ó¡£
 in F:\phpStudy\WWW\DB\src\Query\Connection.php:37
Stack trace:
#0 F:\phpStudy\WWW\DB\src\Query\Connection.php(16): Waitmoonman\Database\Query\Connection->createPdo('mysql:host=127....', Array)
#1 F:\phpStudy\WWW\DB\src\DB.php(20): Waitmoonman\Database\Query\Connection->connect(Array)
#2 F:\phpStudy\WWW\DB\index.php(7): Waitmoonman\Database\DB::addConnection(Array)
#3 {main}
  thrown in F:\phpStudy\WWW\DB\src\Query\Connection.php on line 37
[24-Dec-2017 14:18:25 UTC] PHP Notice:  Undefined variable: columns in F:\phpStudy\WWW\DB\src\Foundation\Grammar.php on line 55
[24-Dec-2017 14:18:25 UTC] PHP Stack trace:
[24-Dec-2017 14:18:25 UTC] PHP   1. {main}() F:\phpStudy\WWW\DB\index.php:0
[24-Dec-2017 14:18:25 UTC] PHP   2. Waitmoonman\Database\Query\Builder->delete() F:\phpStudy\WWW\DB\index.php:10
[24-Dec-2017 14:18:25 UTC] PHP   3. Waitmoonman\Database\Query\Builder->__call() F:\phpStudy\WWW\DB\index.php:10
[24-Dec-2017 14:18:25 UTC] PHP   4. Waitmoonman\Database\Foundation\Delete->build() F:\phpStudy\WWW\DB\src\Query\Builder.php:104
[24-Dec-2017 14:18:25 UTC] PHP   5. Waitmoonman\Database\Foundation\Delete->toSql() F:\phpStudy\WWW\DB\src\Foundation\Grammar.php:29
[24-Dec-2017 14:18:25 UTC] PHP   6. Waitmoonman\Database\Foundation\Delete->compileColumns() F:\phpStudy\WWW\DB\src\Foundation\Grammar.php:20
[24-Dec-2017 14:18:38 UTC] PHP Notice:  Undefined variable: columns in F:\phpStudy\WWW\DB\src\Foundation\Grammar.php on line 55
[24-Dec-2017 14:18:38 UTC] PHP Stack trace:
[24-Dec-2017 14:18:38 UTC] PHP   1. {main}() F:\phpStudy\WWW\DB\index.php:0
[24-Dec-2017 14:18:38 UTC] PHP   2. Waitmoonman\Database\Query\Builder->delete() F:\phpStudy\WWW\DB\index.php:10
[24-Dec-2017 14:18:38 UTC] PHP   3. Waitmoonman\Database\Query\Builder->__call() F:\phpStudy\WWW\DB\index.php:10
[24-Dec-2017 14:18:38 UTC] PHP   4. Waitmoonman\Database\Foundation\Delete->build() F:\phpStudy\WWW\DB\src\Query\Builder.php:104
[24-Dec-2017 14:18:38 UTC] PHP   5. Waitmoonman\Database\Foundation\Delete->toSql() F:\phpStudy\WWW\DB\src\Foundation\Grammar.php:29
[24-Dec-2017 14:18:38 UTC] PHP   6. Waitmoonman\Database\Foundation\Delete->compileColumns() F:\phpStudy\WWW\DB\src\Foundation\Grammar.php:20
[24-Dec-2017 14:20:57 UTC] PHP Notice:  Undefined variable: columns in F:\phpStudy\WWW\DB\src\Foundation\Grammar.php on line 55
[24-Dec-2017 14:20:57 UTC] PHP Stack trace:
[24-Dec-2017 14:20:57 UTC] PHP   1. {main}() F:\phpStudy\WWW\DB\index.php:0
[24-Dec-2017 14:20:57 UTC] PHP   2. Waitmoonman\Database\Query\Builder->delete() F:\phpStudy\WWW\DB\index.php:10
[24-Dec-2017 14:20:57 UTC] PHP   3. Waitmoonman\Database\Query\Builder->__call() F:\phpStudy\WWW\DB\index.php:10
[24-Dec-2017 14:20:57 UTC] PHP   4. Waitmoonman\Database\Foundation\Delete->build() F:\phpStudy\WWW\DB\src\Query\Builder.php:104
[24-Dec-2017 14:20:57 UTC] PHP   5. Waitmoonman\Database\Foundation\Delete->toSql() F:\phpStudy\WWW\DB\src\Foundation\Grammar.php:29
[24-Dec-2017 14:20:57 UTC] PHP   6. Waitmoonman\Database\Foundation\Delete->compileColumns() F:\phpStudy\WWW\DB\src\Foundation\Grammar.php:20
[24-Dec-2017 14:26:10 UTC] PHP Fatal error:  Uncaught Error: Call to undefined method Waitmoonman\Database\Foundation\Delete::compileColumns() in F:\phpStudy\WWW\DB\src\Foundation\Grammar.php:20
Stack trace:
#0 F:\phpStudy\WWW\DB\src\Foundation\Grammar.php(29): Waitmoonman\Database\Foundation\Grammar->toSql()
#1 F:\phpStudy\WWW\DB\src\Query\Builder.php(104): Waitmoonman\Database\Foundation\Grammar->build()
#2 F:\phpStudy\WWW\DB\index.php(10): Waitmoonman\Database\Query\Builder->__call('delete', Array)
#3 {main}
  thrown in F:\phpStudy\WWW\DB\src\Foundation\Grammar.php on line 20
[26-Dec-2017 10:47:52 UTC] PHP Parse error:  syntax error, unexpected '}', expecting ';' in F:\phpStudy\WWW\DB\src\Foundation\Grammar.php on line 85
[26-Dec-2017 10:49:32 UTC] PHP Notice:  Array to string conversion in F:\phpStudy\WWW\DB\src\Query\Builder.php on line 95
[26-Dec-2017 10:49:32 UTC] PHP Stack trace:
[26-Dec-2017 10:49:32 UTC] PHP   1. {main}() F:\phpStudy\WWW\DB\index.php:0
[26-Dec-2017 10:49:32 UTC] PHP   2. Waitmoonman\Database\Query\Builder->delete() F:\phpStudy\WWW\DB\index.php:10
[26-Dec-2017 10:49:32 UTC] PHP   3. Waitmoonman\Database\Query\Builder->__call() F:\phpStudy\WWW\DB\index.php:10
[26-Dec-2017 10:49:32 UTC] PHP   4. Waitmoonman\Database\Foundation\Delete->build() F:\phpStudy\WWW\DB\src\Query\Builder.php:105
[26-Dec-2017 10:49:32 UTC] PHP   5. Waitmoonman\Database\Query\Builder->execute() F:\phpStudy\WWW\DB\src\Foundation\Grammar.php:33
[26-Dec-2017 10:49:32 UTC] PHP   6. PDOStatement->execute() F:\phpStudy\WWW\DB\src\Query\Builder.php:95
[26-Dec-2017 10:51:08 UTC] PHP Warning:  PDOStatement::execute(): SQLSTATE[HY093]: Invalid parameter number: number of bound variables does not match number of tokens in F:\phpStudy\WWW\DB\src\Query\Builder.php on line 95
[26-Dec-2017 10:51:08 UTC] PHP Stack trace:
[26-Dec-2017 10:51:08 UTC] PHP   1. {main}() F:\phpStudy\WWW\DB\index.php:0
[26-Dec-2017 10:51:08 UTC] PHP   2. Waitmoonman\Database\Query\Builder->update() F:\phpStudy\WWW\DB\index.php:10
[26-Dec-2017 10:51:08 UTC] PHP   3. Waitmoonman\Database\Query\Builder->__call() F:\phpStudy\WWW\DB\index.php:10
[26-Dec-2017 10:51:08 UTC] PHP   4. Waitmoonman\Database\Foundation\Update->build() F:\phpStudy\WWW\DB\src\Query\Builder.php:105
[26-Dec-2017 10:51:08 UTC] PHP   5. Waitmoonman\Database\Query\Builder->execute() F:\phpStudy\WWW\DB\src\Foundation\Grammar.php:33
[26-Dec-2017 10:51:08 UTC] PHP   6. PDOStatement->execute() F:\phpStudy\WWW\DB\src\Query\Builder.php:95
[26-Dec-2017 10:51:46 UTC] PHP Warning:  PDOStatement::execute(): SQLSTATE[HY093]: Invalid parameter number: number of bound variables does not match number of tokens in F:\phpStudy\WWW\DB\src\Query\Builder.php on line 95
[26-Dec-2017 10:51:46 UTC] PHP Stack trace:
[26-Dec-2017 10:51:46 UTC] PHP   1. {main}() F:\phpStudy\WWW\DB\index.php:0
[26-Dec-2017 10:51:46 UTC] PHP   2. Waitmoonman\Database\Query\Builder->update() F:\phpStudy\WWW\DB\index.php:10
[26-Dec-2017 10:51:46 UTC] PHP   3. Waitmoonman\Database\Query\Builder->__call() F:\phpStudy\WWW\DB\index.php:10
[26-Dec-2017 10:51:46 UTC] PHP   4. Waitmoonman\Database\Foundation\Update->build() F:\phpStudy\WWW\DB\src\Query\Builder.php:105
[26-Dec-2017 10:51:46 UTC] PHP   5. Waitmoonman\Database\Query\Builder->execute() F:\phpStudy\WWW\DB\src\Foundation\Grammar.php:33
[26-Dec-2017 10:51:46 UTC] PHP   6. PDOStatement->execute() F:\phpStudy\WWW\DB\src\Query\Builder.php:95
[26-Dec-2017 10:51:58 UTC] PHP Warning:  PDOStatement::execute(): SQLSTATE[HY093]: Invalid parameter number: number of bound variables does not match number of tokens in F:\phpStudy\WWW\DB\src\Query\Builder.php on line 95
[26-Dec-2017 10:51:58 UTC] PHP Stack trace:
[26-Dec-2017 10:51:58 UTC] PHP   1. {main}() F:\phpStudy\WWW\DB\index.php:0
[26-Dec-2017 10:51:58 UTC] PHP   2. Waitmoonman\Database\Query\Builder->update() F:\phpStudy\WWW\DB\index.php:10
[26-Dec-2017 10:51:58 UTC] PHP   3. Waitmoonman\Database\Query\Builder->__call() F:\phpStudy\WWW\DB\index.php:10
[26-Dec-2017 10:51:58 UTC] PHP   4. Waitmoonman\Database\Foundation\Update->build() F:\phpStudy\WWW\DB\src\Query\Builder.php:105
[26-Dec-2017 10:51:58 UTC] PHP   5. Waitmoonman\Database\Query\Builder->execute() F:\phpStudy\WWW\DB\src\Foundation\Grammar.php:33
[26-Dec-2017 10:51:58 UTC] PHP   6. PDOStatement->execute() F:\phpStudy\WWW\DB\src\Query\Builder.php:95
[26-Dec-2017 10:52:39 UTC] PHP Warning:  PDOStatement::execute(): SQLSTATE[HY093]: Invalid parameter number: number of bound variables does not match number of tokens in F:\phpStudy\WWW\DB\src\Query\Builder.php on line 95
[26-Dec-2017 10:52:39 UTC] PHP Stack trace:
[26-Dec-2017 10:52:39 UTC] PHP   1. {main}() F:\phpStudy\WWW\DB\index.php:0
[26-Dec-2017 10:52:39 UTC] PHP   2. Waitmoonman\Database\Query\Builder->update() F:\phpStudy\WWW\DB\index.php:10
[26-Dec-2017 10:52:39 UTC] PHP   3. Waitmoonman\Database\Query\Builder->__call() F:\phpStudy\WWW\DB\index.php:10
[26-Dec-2017 10:52:39 UTC] PHP   4. Waitmoonman\Database\Foundation\Update->build() F:\phpStudy\WWW\DB\src\Query\Builder.php:105
[26-Dec-2017 10:52:39 UTC] PHP   5. Waitmoonman\Database\Query\Builder->execute() F:\phpStudy\WWW\DB\src\Foundation\Grammar.php:33
[26-Dec-2017 10:52:39 UTC] PHP   6. PDOStatement->execute() F:\phpStudy\WWW\DB\src\Query\Builder.php:95
[26-Dec-2017 10:52:40 UTC] PHP Warning:  PDOStatement::execute(): SQLSTATE[HY093]: Invalid parameter number: number of bound variables does not match number of tokens in F:\phpStudy\WWW\DB\src\Query\Builder.php on line 95
[26-Dec-2017 10:52:40 UTC] PHP Stack trace:
[26-Dec-2017 10:52:40 UTC] PHP   1. {main}() F:\phpStudy\WWW\DB\index.php:0
[26-Dec-2017 10:52:40 UTC] PHP   2. Waitmoonman\Database\Query\Builder->update() F:\phpStudy\WWW\DB\index.php:10
[26-Dec-2017 10:52:40 UTC] PHP   3. Waitmoonman\Database\Query\Builder->__call() F:\phpStudy\WWW\DB\index.php:10
[26-Dec-2017 10:52:40 UTC] PHP   4. Waitmoonman\Database\Foundation\Update->build() F:\phpStudy\WWW\DB\src\Query\Builder.php:105
[26-Dec-2017 10:52:40 UTC] PHP   5. Waitmoonman\Database\Query\Builder->execute() F:\phpStudy\WWW\DB\src\Foundation\Grammar.php:33
[26-Dec-2017 10:52:40 UTC] PHP   6. PDOStatement->execute() F:\phpStudy\WWW\DB\src\Query\Builder.php:95
[26-Dec-2017 10:52:45 UTC] PHP Warning:  PDOStatement::execute(): SQLSTATE[HY093]: Invalid parameter number: number of bound variables does not match number of tokens in F:\phpStudy\WWW\DB\src\Query\Builder.php on line 95
[26-Dec-2017 10:52:45 UTC] PHP Stack trace:
[26-Dec-2017 10:52:45 UTC] PHP   1. {main}() F:\phpStudy\WWW\DB\index.php:0
[26-Dec-2017 10:52:45 UTC] PHP   2. Waitmoonman\Database\Query\Builder->update() F:\phpStudy\WWW\DB\index.php:10
[26-Dec-2017 10:52:45 UTC] PHP   3. Waitmoonman\Database\Query\Builder->__call() F:\phpStudy\WWW\DB\index.php:10
[26-Dec-2017 10:52:45 UTC] PHP   4. Waitmoonman\Database\Foundation\Update->build() F:\phpStudy\WWW\DB\src\Query\Builder.php:105
[26-Dec-2017 10:52:45 UTC] PHP   5. Waitmoonman\Database\Query\Builder->execute() F:\phpStudy\WWW\DB\src\Foundation\Grammar.php:33
[26-Dec-2017 10:52:45 UTC] PHP   6. PDOStatement->execute() F:\phpStudy\WWW\DB\src\Query\Builder.php:95
[26-Dec-2017 10:54:55 UTC] PHP Warning:  PDOStatement::execute(): SQLSTATE[HY093]: Invalid parameter number: number of bound variables does not match number of tokens in F:\phpStudy\WWW\DB\src\Query\Builder.php on line 95
[26-Dec-2017 10:54:55 UTC] PHP Stack trace:
[26-Dec-2017 10:54:55 UTC] PHP   1. {main}() F:\phpStudy\WWW\DB\index.php:0
[26-Dec-2017 10:54:55 UTC] PHP   2. Waitmoonman\Database\Query\Builder->update() F:\phpStudy\WWW\DB\index.php:10
[26-Dec-2017 10:54:55 UTC] PHP   3. Waitmoonman\Database\Query\Builder->__call() F:\phpStudy\WWW\DB\index.php:10
[26-Dec-2017 10:54:55 UTC] PHP   4. Waitmoonman\Database\Foundation\Update->build() F:\phpStudy\WWW\DB\src\Query\Builder.php:105
[26-Dec-2017 10:54:55 UTC] PHP   5. Waitmoonman\Database\Query\Builder->execute() F:\phpStudy\WWW\DB\src\Foundation\Grammar.php:33
[26-Dec-2017 10:54:55 UTC] PHP   6. PDOStatement->execute() F:\phpStudy\WWW\DB\src\Query\Builder.php:95
[26-Dec-2017 10:55:32 UTC] PHP Warning:  PDOStatement::execute(): SQLSTATE[HY093]: Invalid parameter number: number of bound variables does not match number of tokens in F:\phpStudy\WWW\DB\src\Query\Builder.php on line 96
[26-Dec-2017 10:55:32 UTC] PHP Stack trace:
[26-Dec-2017 10:55:32 UTC] PHP   1. {main}() F:\phpStudy\WWW\DB\index.php:0
[26-Dec-2017 10:55:32 UTC] PHP   2. Waitmoonman\Database\Query\Builder->update() F:\phpStudy\WWW\DB\index.php:10
[26-Dec-2017 10:55:32 UTC] PHP   3. Waitmoonman\Database\Query\Builder->__call() F:\phpStudy\WWW\DB\index.php:10
[26-Dec-2017 10:55:32 UTC] PHP   4. Waitmoonman\Database\Foundation\Update->build() F:\phpStudy\WWW\DB\src\Query\Builder.php:106
[26-Dec-2017 10:55:32 UTC] PHP   5. Waitmoonman\Database\Query\Builder->execute() F:\phpStudy\WWW\DB\src\Foundation\Grammar.php:33
[26-Dec-2017 10:55:32 UTC] PHP   6. PDOStatement->execute() F:\phpStudy\WWW\DB\src\Query\Builder.php:96
